<?xml version="1.0" encoding="UTF-8"?>
<!-- Generated by org.testng.reporters.JUnitReportReporter -->
<testsuite skipped="0" hostname="DESKTOP-SKKJRMI" name="qaclickacademy.Mavenjava.AppiumTest" tests="2" failures="0" timestamp="2020-08-25T02:39:07 IST" time="0.017" errors="0">
  <testcase name="mobileAutomation" time="0.006" classname="qaclickacademy.Mavenjava.AppiumTest"/>
  <system-out/>
  <testcase name="mobiletest" time="0.011" classname="qaclickacademy.Mavenjava.AppiumTest"/>
  <system-out/>
</testsuite> <!-- qaclickacademy.Mavenjava.AppiumTest -->
