<?xml version="1.0" encoding="UTF-8"?>
<!-- Generated by org.testng.reporters.JUnitReportReporter -->
<testsuite skipped="0" hostname="DESKTOP-SKKJRMI" name="qaclickacademy.Mavenjava.HomePage" tests="1" failures="0" timestamp="2020-08-30T01:02:26 IST" time="56.568" errors="0">
  <testcase name="basePageNavigation" time="56.568" classname="qaclickacademy.Mavenjava.HomePage"/>
  <system-out/>
</testsuite> <!-- qaclickacademy.Mavenjava.HomePage -->
