<?xml version="1.0" encoding="UTF-8"?>
<!-- Generated by org.testng.reporters.JUnitReportReporter -->
<testsuite skipped="0" hostname="DESKTOP-SKKJRMI" name="qaclickacademy.Mavenjava.SeleniumTest" tests="2" failures="0" timestamp="2020-08-25T02:39:07 IST" time="0.011" errors="0">
  <testcase name="BrowserAutomation" time="0.008" classname="qaclickacademy.Mavenjava.SeleniumTest"/>
  <system-out/>
  <testcase name="elementui" time="0.003" classname="qaclickacademy.Mavenjava.SeleniumTest"/>
  <system-out/>
</testsuite> <!-- qaclickacademy.Mavenjava.SeleniumTest -->
