<?xml version="1.0" encoding="UTF-8"?>
<!-- Generated by org.testng.reporters.JUnitReportReporter -->
<testsuite skipped="0" hostname="DESKTOP-SKKJRMI" name="qaclickacademy.Mavenjava.LoginTestCases" tests="1" failures="0" timestamp="2020-08-18T00:28:52 IST" time="21.515" errors="0">
  <testcase name="login" time="21.515" classname="qaclickacademy.Mavenjava.LoginTestCases"/>
  <system-out/>
</testsuite> <!-- qaclickacademy.Mavenjava.LoginTestCases -->
