<?xml version="1.0" encoding="UTF-8"?>
<!-- Generated by org.testng.reporters.JUnitReportReporter -->
<testsuite skipped="0" hostname="DESKTOP-SKKJRMI" name="qaclickacademy.Mavenjava.ExtentReportDemo" tests="1" failures="0" timestamp="2020-08-25T01:21:05 IST" time="30.943" errors="0">
  <testcase name="initialDemo" time="30.943" classname="qaclickacademy.Mavenjava.ExtentReportDemo"/>
  <system-out/>
</testsuite> <!-- qaclickacademy.Mavenjava.ExtentReportDemo -->
